This file contains any messages produced by compilers while
running configure, to aid debugging if configure makes a mistake.

It was created by Kanatest configure 0.4.10, which was
generated by GNU Autoconf 2.71.  Invocation command line was

  $ ./configure --prefix=/usr/home/clockwork/Downloads/kanatest-0/path CC=gcc11 --no-create --no-recursion

## --------- ##
## Platform. ##
## --------- ##

hostname = mothership
uname -m = amd64
uname -r = 13.1-RELEASE-p3
uname -s = FreeBSD
uname -v = FreeBSD 13.1-RELEASE-p3 GENERIC

/usr/bin/uname -p = amd64
/bin/uname -X     = unknown

/bin/arch              = unknown
/usr/bin/arch -k       = unknown
/usr/convex/getsysinfo = unknown
/usr/bin/hostinfo      = unknown
/bin/machine           = unknown
/usr/bin/oslevel       = unknown
/bin/universe          = unknown

PATH: /sbin/
PATH: /bin/
PATH: /usr/sbin/
PATH: /usr/bin/
PATH: /usr/local/sbin/
PATH: /usr/local/bin/
PATH: /home/clockwork/bin/


## ----------- ##
## Core tests. ##
## ----------- ##

configure:2418: looking for aux files: config.guess config.sub compile missing install-sh
configure:2431:  trying ./
configure:2460:   ./config.guess found
configure:2460:   ./config.sub found
configure:2460:   ./compile found
configure:2460:   ./missing found
configure:2442:   ./install-sh found
configure:2589: checking for a BSD-compatible install
configure:2662: result: /usr/bin/install -c
configure:2673: checking whether build environment is sane
configure:2728: result: yes
configure:2887: checking for a race-free mkdir -p
configure:2931: result: ./install-sh -c -d
configure:2938: checking for gawk
configure:2959: found /usr/local/bin/gawk
configure:2970: result: gawk
configure:2981: checking whether make sets $(MAKE)
configure:3004: result: yes
configure:3034: checking whether make supports nested variables
configure:3052: result: yes
configure:3255: checking for gcc
configure:3287: result: gcc11
configure:3640: checking for C compiler version
configure:3649: gcc11 --version >&5
gcc11 (FreeBSD Ports Collection) 11.3.0
Copyright (C) 2021 Free Software Foundation, Inc.
This is free software; see the source for copying conditions.  There is NO
warranty; not even for MERCHANTABILITY or FITNESS FOR A PARTICULAR PURPOSE.

configure:3660: $? = 0
configure:3649: gcc11 -v >&5
Using built-in specs.
COLLECT_GCC=gcc11
COLLECT_LTO_WRAPPER=/usr/local/libexec/gcc11/gcc/x86_64-portbld-freebsd13.1/11.3.0/lto-wrapper
Target: x86_64-portbld-freebsd13.1
Configured with: /wrkdirs/usr/ports/lang/gcc11/work/gcc-11.3.0/configure --enable-multilib --with-build-config=bootstrap-lto-noplugin --disable-nls --enable-gnu-indirect-function --enable-host-shared --enable-plugin --libdir=/usr/local/lib/gcc11 --libexecdir=/usr/local/libexec/gcc11 --program-suffix=11 --with-as=/usr/local/bin/as --with-gmp=/usr/local --with-gxx-include-dir=/usr/local/lib/gcc11/include/c++/ --with-gxx-libcxx-include-dir=/usr/include/c++/v1 --with-ld=/usr/local/bin/ld --with-pkgversion='FreeBSD Ports Collection' --with-system-zlib --without-zstd --enable-languages=c,c++,objc,fortran,jit --prefix=/usr/local --localstatedir=/var --mandir=/usr/local/man --infodir=/usr/local/share/info/gcc11 --build=x86_64-portbld-freebsd13.1
Thread model: posix
Supported LTO compression algorithms: zlib
gcc version 11.3.0 (FreeBSD Ports Collection) 
configure:3660: $? = 0
configure:3649: gcc11 -V >&5
gcc11: error: unrecognized command-line option '-V'
gcc11: fatal error: no input files
compilation terminated.
configure:3660: $? = 1
configure:3649: gcc11 -qversion >&5
gcc11: error: unrecognized command-line option '-qversion'; did you mean '--version'?
gcc11: fatal error: no input files
compilation terminated.
configure:3660: $? = 1
configure:3649: gcc11 -version >&5
gcc11: error: unrecognized command-line option '-version'
gcc11: fatal error: no input files
compilation terminated.
configure:3660: $? = 1
configure:3680: checking whether the C compiler works
configure:3702: gcc11    conftest.c  >&5
configure:3706: $? = 0
configure:3756: result: yes
configure:3759: checking for C compiler default output file name
configure:3761: result: a.out
configure:3767: checking for suffix of executables
configure:3774: gcc11 -o conftest    conftest.c  >&5
configure:3778: $? = 0
configure:3801: result: 
configure:3823: checking whether we are cross compiling
configure:3831: gcc11 -o conftest    conftest.c  >&5
configure:3835: $? = 0
configure:3842: ./conftest
configure:3846: $? = 0
configure:3861: result: no
configure:3866: checking for suffix of object files
configure:3889: gcc11 -c   conftest.c >&5
configure:3893: $? = 0
configure:3915: result: o
configure:3919: checking whether the compiler supports GNU C
configure:3939: gcc11 -c   conftest.c >&5
configure:3939: $? = 0
configure:3949: result: yes
configure:3960: checking whether gcc11 accepts -g
configure:3981: gcc11 -c -g  conftest.c >&5
configure:3981: $? = 0
configure:4025: result: yes
configure:4045: checking for gcc11 option to enable C11 features
configure:4060: gcc11  -c -g -O2  conftest.c >&5
configure:4060: $? = 0
configure:4078: result: none needed
configure:4194: checking whether gcc11 understands -c and -o together
configure:4217: gcc11 -c conftest.c -o conftest2.o
configure:4220: $? = 0
configure:4217: gcc11 -c conftest.c -o conftest2.o
configure:4220: $? = 0
configure:4232: result: yes
configure:4252: checking whether make supports the include directive
configure:4267: make -f confmf.GNU && cat confinc.out
this is the am__doit target
configure:4270: $? = 0
configure:4289: result: yes (GNU style)
configure:4315: checking dependency style of gcc11
configure:4427: result: gcc3
configure:4528: checking for pkg-config
configure:4551: found /usr/local/bin/pkg-config
configure:4563: result: /usr/local/bin/pkg-config
configure:4588: checking pkg-config is at least version 0.16
configure:4591: result: yes
configure:4604: checking for GTK+ - version >= 3.20.0
configure:4712: gcc11 -o conftest -g -O2 -I/usr/local/include/gtk-3.0 -I/usr/local/include/pango-1.0 -I/usr/local/include -I/usr/local/include/glib-2.0 -I/usr/local/lib/glib-2.0/include -I/usr/local/include/harfbuzz -I/usr/local/include/freetype2 -I/usr/local/include/libpng16 -I/usr/local/include/fribidi -I/usr/local/include/cairo -I/usr/local/include/pixman-1 -I/usr/local/include/gdk-pixbuf-2.0 -I/usr/local/include/gio-unix-2.0 -I/usr/local/include/libepoll-shim -I/usr/local/include/atk-1.0 -I/usr/local/include/at-spi2-atk/2.0 -I/usr/local/include/dbus-1.0 -I/usr/local/lib/dbus-1.0/include -I/usr/local/include/at-spi-2.0 -D_THREAD_SAFE -pthread    conftest.c -L/usr/local/lib -lgtk-3 -lgdk-3 -lpangocairo-1.0 -lpango-1.0 -lharfbuzz -latk-1.0 -lcairo-gobject -lcairo -lgdk_pixbuf-2.0 -lgio-2.0 -lgobject-2.0 -lglib-2.0 -lintl   >&5
configure:4712: $? = 0
configure:4712: ./conftest
configure:4712: $? = 0
configure:4727: result: yes (version 3.24.34)
configure:4832: checking for xml2-config
configure:4855: found /usr/local/bin/xml2-config
configure:4868: result: /usr/local/bin/xml2-config
configure:4877: checking for libxml - version >= 2.9.0
configure:4979: gcc11 -o conftest -g -O2  -I/usr/local/include/libxml2  conftest.c -L/usr/local/lib -lxml2 -lz -L/usr/lib -llzma -lm -L/usr/local/lib  >&5
configure:4979: $? = 0
configure:4979: ./conftest
configure:4979: $? = 0
configure:4995: result: yes (version 2.10.3)
configure:5062: checking for xml2-config
configure:5083: found /usr/local/bin/xml2-config
configure:5095: result: yes
configure:5133: checking for stdio.h
configure:5133: gcc11 -c -g -O2  conftest.c >&5
configure:5133: $? = 0
configure:5133: result: yes
configure:5133: checking for stdlib.h
configure:5133: gcc11 -c -g -O2  conftest.c >&5
configure:5133: $? = 0
configure:5133: result: yes
configure:5133: checking for string.h
configure:5133: gcc11 -c -g -O2  conftest.c >&5
configure:5133: $? = 0
configure:5133: result: yes
configure:5133: checking for inttypes.h
configure:5133: gcc11 -c -g -O2  conftest.c >&5
configure:5133: $? = 0
configure:5133: result: yes
configure:5133: checking for stdint.h
configure:5133: gcc11 -c -g -O2  conftest.c >&5
configure:5133: $? = 0
configure:5133: result: yes
configure:5133: checking for strings.h
configure:5133: gcc11 -c -g -O2  conftest.c >&5
configure:5133: $? = 0
configure:5133: result: yes
configure:5133: checking for sys/stat.h
configure:5133: gcc11 -c -g -O2  conftest.c >&5
configure:5133: $? = 0
configure:5133: result: yes
configure:5133: checking for sys/types.h
configure:5133: gcc11 -c -g -O2  conftest.c >&5
configure:5133: $? = 0
configure:5133: result: yes
configure:5133: checking for unistd.h
configure:5133: gcc11 -c -g -O2  conftest.c >&5
configure:5133: $? = 0
configure:5133: result: yes
configure:5133: checking for sys/time.h
configure:5133: gcc11 -c -g -O2  conftest.c >&5
configure:5133: $? = 0
configure:5133: result: yes
configure:5158: checking for grep that handles long lines and -e
configure:5222: result: /usr/bin/grep
configure:5230: checking for egrep
configure:5298: result: /usr/bin/grep -E
configure:5304: checking for libintl.h
configure:5304: gcc11 -c -g -O2  conftest.c >&5
configure:5304: $? = 0
configure:5304: result: yes
configure:5310: checking for stdlib.h
configure:5310: result: yes
configure:5316: checking for string.h
configure:5316: result: yes
configure:5322: checking for sys/time.h
configure:5322: result: yes
configure:5328: checking for unistd.h
configure:5328: result: yes
configure:5334: checking for locale.h
configure:5334: gcc11 -c -g -O2  conftest.c >&5
configure:5334: $? = 0
configure:5334: result: yes
configure:5340: checking for limits.h
configure:5340: gcc11 -c -g -O2  conftest.c >&5
configure:5340: $? = 0
configure:5340: result: yes
configure:5349: checking for an ANSI C-conforming const
configure:5416: gcc11 -c -g -O2  conftest.c >&5
configure:5416: $? = 0
configure:5424: result: yes
configure:5442: checking whether struct tm is in sys/time.h or time.h
configure:5463: gcc11 -c -g -O2  conftest.c >&5
configure:5463: $? = 0
configure:5471: result: time.h
configure:5487: checking build system type
configure:5502: result: amd64-unknown-freebsd13.1
configure:5522: checking host system type
configure:5536: result: amd64-unknown-freebsd13.1
configure:5556: checking whether lstat correctly handles trailing slash
configure:5589: gcc11 -o conftest -g -O2   conftest.c  >&5
configure:5589: $? = 0
configure:5589: ./conftest
configure:5589: $? = 0
configure:5607: result: yes
configure:5624: checking whether stat accepts an empty string
configure:5646: gcc11 -o conftest -g -O2   conftest.c  >&5
configure:5646: $? = 0
configure:5646: ./conftest
configure:5646: $? = 0
configure:5657: result: no
configure:5671: checking for gettimeofday
configure:5671: gcc11 -o conftest -g -O2   conftest.c  >&5
configure:5671: $? = 0
configure:5671: result: yes
configure:5677: checking for strrchr
configure:5677: gcc11 -o conftest -g -O2   conftest.c  >&5
conftest.c:48:6: warning: conflicting types for built-in function 'strrchr'; expected 'char *(const char *, int)' [-Wbuiltin-declaration-mismatch]
   48 | char strrchr ();
      |      ^~~~~~~
conftest.c:40:1: note: 'strrchr' is declared in header '<string.h>'
   39 | #include <limits.h>
   40 | #undef strrchr
configure:5677: $? = 0
configure:5677: result: yes
configure:6921: checking that generated files are newer than configure
configure:6927: result: done
configure:6954: creating ./config.status

## ---------------- ##
## Cache variables. ##
## ---------------- ##

ac_cv_build=amd64-unknown-freebsd13.1
ac_cv_c_compiler_gnu=yes
ac_cv_c_const=yes
ac_cv_env_CC_set=set
ac_cv_env_CC_value=gcc11
ac_cv_env_CFLAGS_set=''
ac_cv_env_CFLAGS_value=''
ac_cv_env_CPPFLAGS_set=''
ac_cv_env_CPPFLAGS_value=''
ac_cv_env_DBUS_CFLAGS_set=''
ac_cv_env_DBUS_CFLAGS_value=''
ac_cv_env_DBUS_LIBS_set=''
ac_cv_env_DBUS_LIBS_value=''
ac_cv_env_HILDON_CFLAGS_set=''
ac_cv_env_HILDON_CFLAGS_value=''
ac_cv_env_HILDON_LIBS_set=''
ac_cv_env_HILDON_LIBS_value=''
ac_cv_env_LDFLAGS_set=''
ac_cv_env_LDFLAGS_value=''
ac_cv_env_LIBS_set=''
ac_cv_env_LIBS_value=''
ac_cv_env_OSSO_CFLAGS_set=''
ac_cv_env_OSSO_CFLAGS_value=''
ac_cv_env_OSSO_LIBS_set=''
ac_cv_env_OSSO_LIBS_value=''
ac_cv_env_PKG_CONFIG_LIBDIR_set=''
ac_cv_env_PKG_CONFIG_LIBDIR_value=''
ac_cv_env_PKG_CONFIG_PATH_set=''
ac_cv_env_PKG_CONFIG_PATH_value=''
ac_cv_env_PKG_CONFIG_set=''
ac_cv_env_PKG_CONFIG_value=''
ac_cv_env_build_alias_set=''
ac_cv_env_build_alias_value=''
ac_cv_env_host_alias_set=''
ac_cv_env_host_alias_value=''
ac_cv_env_target_alias_set=''
ac_cv_env_target_alias_value=''
ac_cv_func_gettimeofday=yes
ac_cv_func_lstat_dereferences_slashed_symlink=yes
ac_cv_func_stat_empty_string_bug=no
ac_cv_func_strrchr=yes
ac_cv_header_inttypes_h=yes
ac_cv_header_libintl_h=yes
ac_cv_header_limits_h=yes
ac_cv_header_locale_h=yes
ac_cv_header_stdint_h=yes
ac_cv_header_stdio_h=yes
ac_cv_header_stdlib_h=yes
ac_cv_header_string_h=yes
ac_cv_header_strings_h=yes
ac_cv_header_sys_stat_h=yes
ac_cv_header_sys_time_h=yes
ac_cv_header_sys_types_h=yes
ac_cv_header_unistd_h=yes
ac_cv_host=amd64-unknown-freebsd13.1
ac_cv_objext=o
ac_cv_path_EGREP='/usr/bin/grep -E'
ac_cv_path_GREP=/usr/bin/grep
ac_cv_path_XML2_CONFIG=/usr/local/bin/xml2-config
ac_cv_path_ac_pt_PKG_CONFIG=/usr/local/bin/pkg-config
ac_cv_path_install='/usr/bin/install -c'
ac_cv_prog_AWK=gawk
ac_cv_prog_ac_ct_CC=gcc11
ac_cv_prog_cc_c11=''
ac_cv_prog_cc_g=yes
ac_cv_prog_cc_stdc=''
ac_cv_prog_make_make_set=yes
ac_cv_prog_var=yes
ac_cv_struct_tm=time.h
am_cv_CC_dependencies_compiler_type=gcc3
am_cv_make_support_nested_variables=yes
am_cv_prog_cc_c_o=yes

## ----------------- ##
## Output variables. ##
## ----------------- ##

ACLOCAL='${SHELL} '\''/git/kanatest-code/missing'\'' aclocal-1.16'
ALL_LINGUAS=''
AMDEPBACKSLASH='\'
AMDEP_FALSE='#'
AMDEP_TRUE=''
AMTAR='$${TAR-tar}'
AM_BACKSLASH='\'
AM_DEFAULT_V='$(AM_DEFAULT_VERBOSITY)'
AM_DEFAULT_VERBOSITY='1'
AM_V='$(V)'
AUTOCONF='${SHELL} '\''/git/kanatest-code/missing'\'' autoconf'
AUTOHEADER='${SHELL} '\''/git/kanatest-code/missing'\'' autoheader'
AUTOMAKE='${SHELL} '\''/git/kanatest-code/missing'\'' automake-1.16'
AWK='gawk'
CATALOGS=''
CATOBJEXT=''
CC='gcc11'
CCDEPMODE='depmode=gcc3'
CFLAGS='-g -O2'
CPPFLAGS=''
CSCOPE='cscope'
CTAGS='ctags'
CYGPATH_W='echo'
DATADIRNAME=''
DBUS_CFLAGS=''
DBUS_LIBS=''
DEFS='-DHAVE_CONFIG_H'
DEPDIR='.deps'
ECHO_C=''
ECHO_N='-n'
ECHO_T=''
EGREP='/usr/bin/grep -E'
ETAGS='etags'
EXEEXT=''
GETTEXT_PACKAGE=''
GMOFILES=''
GMSGFMT=''
GREP='/usr/bin/grep'
GTK_CFLAGS='-I/usr/local/include/gtk-3.0 -I/usr/local/include/pango-1.0 -I/usr/local/include -I/usr/local/include/glib-2.0 -I/usr/local/lib/glib-2.0/include -I/usr/local/include/harfbuzz -I/usr/local/include/freetype2 -I/usr/local/include/libpng16 -I/usr/local/include/fribidi -I/usr/local/include/cairo -I/usr/local/include/pixman-1 -I/usr/local/include/gdk-pixbuf-2.0 -I/usr/local/include/gio-unix-2.0 -I/usr/local/include/libepoll-shim -I/usr/local/include/atk-1.0 -I/usr/local/include/at-spi2-atk/2.0 -I/usr/local/include/dbus-1.0 -I/usr/local/lib/dbus-1.0/include -I/usr/local/include/at-spi-2.0 -D_THREAD_SAFE -pthread '
GTK_LIBS='-L/usr/local/lib -lgtk-3 -lgdk-3 -lpangocairo-1.0 -lpango-1.0 -lharfbuzz -latk-1.0 -lcairo-gobject -lcairo -lgdk_pixbuf-2.0 -lgio-2.0 -lgobject-2.0 -lglib-2.0 -lintl '
HILDON_CFLAGS=''
HILDON_LIBS=''
INSTALL_DATA='${INSTALL} -m 644'
INSTALL_PROGRAM='${INSTALL}'
INSTALL_SCRIPT='${INSTALL}'
INSTALL_STRIP_PROGRAM='$(install_sh) -c -s'
INSTOBJEXT=''
INTLLIBS=''
INTL_MACOSX_LIBS=''
LDFLAGS=''
LIBOBJS=''
LIBS=''
LTLIBOBJS=''
MAEMO_FALSE=''
MAEMO_TRUE='#'
MAKEINFO='${SHELL} '\''/git/kanatest-code/missing'\'' makeinfo'
MKDIR_P='./install-sh -c -d'
MKINSTALLDIRS=''
MSGFMT=''
MSGFMT_OPTS=''
OBJEXT='o'
OSSO_CFLAGS=''
OSSO_LIBS=''
PACKAGE='kanatest'
PACKAGE_BUGREPORT='pasp@users.sf.net'
PACKAGE_NAME='Kanatest'
PACKAGE_STRING='Kanatest 0.4.10'
PACKAGE_TARNAME='kanatest'
PACKAGE_URL=''
PACKAGE_VERSION='0.4.10'
PATH_SEPARATOR=':'
PKG_CONFIG='/usr/local/bin/pkg-config'
PKG_CONFIG_LIBDIR=''
PKG_CONFIG_PATH=''
POFILES=''
POSUB=''
PO_IN_DATADIR_FALSE=''
PO_IN_DATADIR_TRUE=''
SET_MAKE=''
SHELL='/bin/sh'
STRIP=''
USE_NLS=''
VERSION='0.4.10'
XGETTEXT=''
XML2_CONFIG='/usr/local/bin/xml2-config'
XML_CPPFLAGS='-I/usr/local/include/libxml2'
XML_LIBS='-L/usr/local/lib -lxml2 -lz -L/usr/lib -llzma -lm -L/usr/local/lib'
ac_ct_CC='gcc11'
am__EXEEXT_FALSE=''
am__EXEEXT_TRUE='#'
am__fastdepCC_FALSE='#'
am__fastdepCC_TRUE=''
am__include='include'
am__isrc=''
am__leading_dot='.'
am__nodep='_no'
am__quote=''
am__tar='$${TAR-tar} chof - "$$tardir"'
am__untar='$${TAR-tar} xf -'
bindir='${exec_prefix}/bin'
build='amd64-unknown-freebsd13.1'
build_alias=''
build_cpu='amd64'
build_os='freebsd13.1'
build_vendor='unknown'
datadir='${datarootdir}'
datarootdir='${prefix}/share'
desktopentrydir=''
docdir='${datarootdir}/doc/${PACKAGE_TARNAME}'
dvidir='${docdir}'
exec_prefix='${prefix}'
host='amd64-unknown-freebsd13.1'
host_alias=''
host_cpu='amd64'
host_os='freebsd13.1'
host_vendor='unknown'
htmldir='${docdir}'
icon_26x26dir=''
icon_40x40dir=''
icon_scalabledir=''
includedir='${prefix}/include'
infodir='${datarootdir}/info'
install_sh='${SHELL} /git/kanatest-code/install-sh'
libdir='${exec_prefix}/lib'
libexecdir='${exec_prefix}/libexec'
localedir='${datarootdir}/locale'
localstatedir='${prefix}/var'
mandir='${datarootdir}/man'
mkdir_p='$(MKDIR_P)'
oldincludedir='/usr/include'
pdfdir='${docdir}'
prefix='/usr/home/clockwork/Downloads/kanatest-0/path'
program_transform_name='s,x,x,'
psdir='${docdir}'
runstatedir='${localstatedir}/run'
sbindir='${exec_prefix}/sbin'
serviceentrydir=''
sharedstatedir='${prefix}/com'
sysconfdir='${prefix}/etc'
target_alias=''
var='yes'

## ----------- ##
## confdefs.h. ##
## ----------- ##

/* confdefs.h */
#define PACKAGE_NAME "Kanatest"
#define PACKAGE_TARNAME "kanatest"
#define PACKAGE_VERSION "0.4.10"
#define PACKAGE_STRING "Kanatest 0.4.10"
#define PACKAGE_BUGREPORT "pasp@users.sf.net"
#define PACKAGE_URL ""
#define PACKAGE "kanatest"
#define VERSION "0.4.10"
#define HAVE_STDIO_H 1
#define HAVE_STDLIB_H 1
#define HAVE_STRING_H 1
#define HAVE_INTTYPES_H 1
#define HAVE_STDINT_H 1
#define HAVE_STRINGS_H 1
#define HAVE_SYS_STAT_H 1
#define HAVE_SYS_TYPES_H 1
#define HAVE_UNISTD_H 1
#define HAVE_SYS_TIME_H 1
#define STDC_HEADERS 1
#define HAVE_LIBINTL_H 1
#define HAVE_STDLIB_H 1
#define HAVE_STRING_H 1
#define HAVE_SYS_TIME_H 1
#define HAVE_UNISTD_H 1
#define HAVE_LOCALE_H 1
#define HAVE_LIMITS_H 1
#define TIME_WITH_SYS_TIME 1
#define LSTAT_FOLLOWS_SLASHED_SYMLINK 1
#define HAVE_GETTIMEOFDAY 1
#define HAVE_STRRCHR 1

configure: exit 0

## ---------------------- ##
## Running config.status. ##
## ---------------------- ##

This file was extended by Kanatest config.status 0.4.10, which was
generated by GNU Autoconf 2.71.  Invocation command line was

  CONFIG_FILES    = 
  CONFIG_HEADERS  = 
  CONFIG_LINKS    = 
  CONFIG_COMMANDS = 
  $ ./config.status 

on mothership

config.status:927: creating Makefile
config.status:927: creating src/Makefile
config.status:927: creating po/Makefile
config.status:927: creating data/Makefile
config.status:927: creating data/icons/Makefile
config.status:927: creating data/icons/16x16/Makefile
config.status:927: creating data/icons/22x22/Makefile
config.status:927: creating data/icons/24x24/Makefile
config.status:927: creating data/icons/32x32/Makefile
config.status:927: creating data/icons/48x48/Makefile
config.status:927: creating data/icons/scalable/Makefile
config.status:927: creating data/pixmaps/Makefile
config.status:927: creating config.h
config.status:1156: executing depfiles commands
config.status:1231: cd src       && sed -e '/# am--include-marker/d' Makefile         | make -f - am--depfiles
config.status:1238: $? = 0

## ---------------------- ##
## Running config.status. ##
## ---------------------- ##

This file was extended by Kanatest config.status 0.4.10, which was
generated by GNU Autoconf 2.71.  Invocation command line was

  CONFIG_FILES    = 
  CONFIG_HEADERS  = 
  CONFIG_LINKS    = 
  CONFIG_COMMANDS = 
  $ ./config.status config.h

on mothership

config.status:927: creating config.h
